{
    "receiver": "web\\.hook",
    "status": "firing",
    "alerts": [
        {
            "status": "firing",
            "labels": {
                "alertname": "ExampleAlert",
                "severity": "critical"
            },
            "annotations": {
                "description": "Example alert is firing.",
                "link": "http://example.com"
            },
            "startsAt": "2022-05-27T12:41:26.355791953Z",
            "endsAt": "0001-01-01T00:00:00Z",
            "generatorURL": "http://prometheus:9090/graph?g0.expr=vector%2842%29&g0.tab=1"
        }
    ],
    "groupLabels": {
        "alertname": "ExampleAlert"
    },
    "commonLabels": {
        "alertname": "ExampleAlert",
        "severity": "critical"
    },
    "commonAnnotations": {
        "description": "Example alert is firing.",
        "link": "http://example.com"
    },
    "externalURL": "http://alertmanager:9093",
    "version": "4",
    "groupKey": "{}:{alertname=\"ExampleAlert\"}"
}{
    "receiver": "web\\.hook",
    "status": "firing",
    "alerts": [
        {
            "status": "firing",
            "labels": {
                "alertname": "ExampleAlert",
                "severity": "critical"
            },
            "annotations": {
                "description": "Example alert is firing.",
                "link": "http://example.com"
            },
            "startsAt": "2022-05-27T12:41:26.355791953Z",
            "endsAt": "0001-01-01T00:00:00Z",
            "generatorURL": "http://prometheus:9090/graph?g0.expr=vector%2842%29&g0.tab=1"
        }
    ],
    "groupLabels": {
        "alertname": "ExampleAlert"
    },
    "commonLabels": {
        "alertname": "ExampleAlert",
        "severity": "critical"
    },
    "commonAnnotations": {
        "description": "Example alert is firing.",
        "link": "http://example.com"
    },
    "externalURL": "http://alertmanager:9093",
    "version": "4",
    "groupKey": "{}:{alertname=\"ExampleAlert\"}"
}{
    "receiver": "web\\.hook",
    "status": "firing",
    "alerts": [
        {
            "status": "firing",
            "labels": {
                "alertname": "ExampleAlert",
                "severity": "critical"
            },
            "annotations": {
                "description": "Example alert is firing.",
                "link": "http://example.com"
            },
            "startsAt": "2022-05-27T12:41:26.355791953Z",
            "endsAt": "0001-01-01T00:00:00Z",
            "generatorURL": "http://prometheus:9090/graph?g0.expr=vector%2842%29&g0.tab=1"
        }
    ],
    "groupLabels": {
        "alertname": "ExampleAlert"
    },
    "commonLabels": {
        "alertname": "ExampleAlert",
        "severity": "critical"
    },
    "commonAnnotations": {
        "description": "Example alert is firing.",
        "link": "http://example.com"
    },
    "externalURL": "http://alertmanager:9093",
    "version": "4",
    "groupKey": "{}:{alertname=\"ExampleAlert\"}"
}{
    "receiver": "web\\.hook",
    "status": "firing",
    "alerts": [
        {
            "status": "firing",
            "labels": {
                "alertname": "ExampleAlert",
                "severity": "critical"
            },
            "annotations": {
                "description": "Example alert is firing.",
                "link": "http://example.com"
            },
            "startsAt": "2022-05-27T12:41:26.355791953Z",
            "endsAt": "0001-01-01T00:00:00Z",
            "generatorURL": "http://prometheus:9090/graph?g0.expr=vector%2842%29&g0.tab=1"
        }
    ],
    "groupLabels": {
        "alertname": "ExampleAlert"
    },
    "commonLabels": {
        "alertname": "ExampleAlert",
        "severity": "critical"
    },
    "commonAnnotations": {
        "description": "Example alert is firing.",
        "link": "http://example.com"
    },
    "externalURL": "http://alertmanager:9093",
    "version": "4",
    "groupKey": "{}:{alertname=\"ExampleAlert\"}"
}{
    "receiver": "web\\.hook",
    "status": "firing",
    "alerts": [
        {
            "status": "firing",
            "labels": {
                "alertname": "ExampleAlert",
                "severity": "critical"
            },
            "annotations": {
                "description": "Example alert is firing.",
                "link": "http://example.com"
            },
            "startsAt": "2022-05-27T12:41:26.355791953Z",
            "endsAt": "0001-01-01T00:00:00Z",
            "generatorURL": "http://prometheus:9090/graph?g0.expr=vector%2842%29&g0.tab=1"
        }
    ],
    "groupLabels": {
        "alertname": "ExampleAlert"
    },
    "commonLabels": {
        "alertname": "ExampleAlert",
        "severity": "critical"
    },
    "commonAnnotations": {
        "description": "Example alert is firing.",
        "link": "http://example.com"
    },
    "externalURL": "http://alertmanager:9093",
    "version": "4",
    "groupKey": "{}:{alertname=\"ExampleAlert\"}"
}{
    "receiver": "web\\.hook",
    "status": "firing",
    "alerts": [
        {
            "status": "firing",
            "labels": {
                "alertname": "ExampleAlert",
                "severity": "critical"
            },
            "annotations": {
                "description": "Example alert is firing.",
                "link": "http://example.com"
            },
            "startsAt": "2022-05-27T12:41:26.355791953Z",
            "endsAt": "0001-01-01T00:00:00Z",
            "generatorURL": "http://prometheus:9090/graph?g0.expr=vector%2842%29&g0.tab=1"
        }
    ],
    "groupLabels": {
        "alertname": "ExampleAlert"
    },
    "commonLabels": {
        "alertname": "ExampleAlert",
        "severity": "critical"
    },
    "commonAnnotations": {
        "description": "Example alert is firing.",
        "link": "http://example.com"
    },
    "externalURL": "http://alertmanager:9093",
    "version": "4",
    "groupKey": "{}:{alertname=\"ExampleAlert\"}"
}{
    "receiver": "web\\.hook",
    "status": "resolved",
    "alerts": [
        {
            "status": "resolved",
            "labels": {
                "alertname": "ExampleAlert",
                "severity": "critical"
            },
            "annotations": {
                "description": "Example alert is firing.",
                "link": "http://example.com"
            },
            "startsAt": "2022-05-27T12:41:26.355791953Z",
            "endsAt": "2022-05-27T13:11:56.355791953Z",
            "generatorURL": "http://prometheus:9090/graph?g0.expr=vector%2842%29&g0.tab=1"
        }
    ],
    "groupLabels": {
        "alertname": "ExampleAlert"
    },
    "commonLabels": {
        "alertname": "ExampleAlert",
        "severity": "critical"
    },
    "commonAnnotations": {
        "description": "Example alert is firing.",
        "link": "http://example.com"
    },
    "externalURL": "http://alertmanager:9093",
    "version": "4",
    "groupKey": "{}:{alertname=\"ExampleAlert\"}"
}{
    "receiver": "web\\.hook",
    "status": "firing",
    "alerts": [
        {
            "status": "firing",
            "labels": {
                "alertname": "ExampleAlert",
                "severity": "critical"
            },
            "annotations": {
                "description": "Example alert is firing.",
                "link": "http://example.com"
            },
            "startsAt": "2022-05-27T12:41:26.355791953Z",
            "endsAt": "0001-01-01T00:00:00Z",
            "generatorURL": "http://prometheus:9090/graph?g0.expr=vector%2842%29&g0.tab=1"
        }
    ],
    "groupLabels": {
        "alertname": "ExampleAlert"
    },
    "commonLabels": {
        "alertname": "ExampleAlert",
        "severity": "critical"
    },
    "commonAnnotations": {
        "description": "Example alert is firing.",
        "link": "http://example.com"
    },
    "externalURL": "http://alertmanager:9093",
    "version": "4",
    "groupKey": "{}:{alertname=\"ExampleAlert\"}"
}{
    "receiver": "web\\.hook",
    "status": "firing",
    "alerts": [
        {
            "status": "firing",
            "labels": {
                "alertname": "ExampleAlert",
                "severity": "critical"
            },
            "annotations": {
                "description": "Example alert is firing.",
                "link": "http://example.com"
            },
            "startsAt": "2022-05-27T12:41:26.355791953Z",
            "endsAt": "0001-01-01T00:00:00Z",
            "generatorURL": "http://prometheus:9090/graph?g0.expr=vector%2842%29&g0.tab=1"
        }
    ],
    "groupLabels": {
        "alertname": "ExampleAlert"
    },
    "commonLabels": {
        "alertname": "ExampleAlert",
        "severity": "critical"
    },
    "commonAnnotations": {
        "description": "Example alert is firing.",
        "link": "http://example.com"
    },
    "externalURL": "http://alertmanager:9093",
    "version": "4",
    "groupKey": "{}:{alertname=\"ExampleAlert\"}"
}{
    "receiver": "web\\.hook",
    "status": "firing",
    "alerts": [
        {
            "status": "firing",
            "labels": {
                "alertname": "ExampleAlert",
                "severity": "critical"
            },
            "annotations": {
                "description": "Example alert is firing.",
                "link": "http://example.com"
            },
            "startsAt": "2022-05-27T12:41:26.355791953Z",
            "endsAt": "0001-01-01T00:00:00Z",
            "generatorURL": "http://prometheus:9090/graph?g0.expr=vector%2842%29&g0.tab=1"
        }
    ],
    "groupLabels": {
        "alertname": "ExampleAlert"
    },
    "commonLabels": {
        "alertname": "ExampleAlert",
        "severity": "critical"
    },
    "commonAnnotations": {
        "description": "Example alert is firing.",
        "link": "http://example.com"
    },
    "externalURL": "http://alertmanager:9093",
    "version": "4",
    "groupKey": "{}:{alertname=\"ExampleAlert\"}"
}{
    "receiver": "web\\.hook",
    "status": "firing",
    "alerts": [
        {
            "status": "firing",
            "labels": {
                "alertname": "ExampleAlert",
                "severity": "critical"
            },
            "annotations": {
                "description": "Example alert is firing.",
                "link": "http://example.com"
            },
            "startsAt": "2022-05-27T12:41:26.355791953Z",
            "endsAt": "0001-01-01T00:00:00Z",
            "generatorURL": "http://prometheus:9090/graph?g0.expr=vector%2842%29&g0.tab=1"
        }
    ],
    "groupLabels": {
        "alertname": "ExampleAlert"
    },
    "commonLabels": {
        "alertname": "ExampleAlert",
        "severity": "critical"
    },
    "commonAnnotations": {
        "description": "Example alert is firing.",
        "link": "http://example.com"
    },
    "externalURL": "http://alertmanager:9093",
    "version": "4",
    "groupKey": "{}:{alertname=\"ExampleAlert\"}"
}{
    "receiver": "web\\.hook",
    "status": "firing",
    "alerts": [
        {
            "status": "firing",
            "labels": {
                "alertname": "ExampleAlert",
                "severity": "critical"
            },
            "annotations": {
                "description": "Example alert is firing.",
                "link": "http://example.com"
            },
            "startsAt": "2022-05-27T12:41:26.355791953Z",
            "endsAt": "0001-01-01T00:00:00Z",
            "generatorURL": "http://prometheus:9090/graph?g0.expr=vector%2842%29&g0.tab=1"
        }
    ],
    "groupLabels": {
        "alertname": "ExampleAlert"
    },
    "commonLabels": {
        "alertname": "ExampleAlert",
        "severity": "critical"
    },
    "commonAnnotations": {
        "description": "Example alert is firing.",
        "link": "http://example.com"
    },
    "externalURL": "http://alertmanager:9093",
    "version": "4",
    "groupKey": "{}:{alertname=\"ExampleAlert\"}"
}{
    "receiver": "web\\.hook",
    "status": "firing",
    "alerts": [
        {
            "status": "firing",
            "labels": {
                "alertname": "ExampleAlert",
                "severity": "critical"
            },
            "annotations": {
                "description": "Example alert is firing.",
                "link": "http://example.com"
            },
            "startsAt": "2022-05-28T03:49:56.355791953Z",
            "endsAt": "0001-01-01T00:00:00Z",
            "generatorURL": "http://prometheus:9090/graph?g0.expr=vector%2842%29&g0.tab=1"
        }
    ],
    "groupLabels": {
        "alertname": "ExampleAlert"
    },
    "commonLabels": {
        "alertname": "ExampleAlert",
        "severity": "critical"
    },
    "commonAnnotations": {
        "description": "Example alert is firing.",
        "link": "http://example.com"
    },
    "externalURL": "http://alertmanager:9093",
    "version": "4",
    "groupKey": "{}:{alertname=\"ExampleAlert\"}"
}{
    "receiver": "web\\.hook",
    "status": "firing",
    "alerts": [
        {
            "status": "firing",
            "labels": {
                "alertname": "ExampleAlert",
                "severity": "critical"
            },
            "annotations": {
                "description": "Example alert is firing.",
                "link": "http://example.com"
            },
            "startsAt": "2022-05-31T06:50:41.355791953Z",
            "endsAt": "0001-01-01T00:00:00Z",
            "generatorURL": "http://prometheus:9090/graph?g0.expr=vector%2842%29&g0.tab=1"
        }
    ],
    "groupLabels": {
        "alertname": "ExampleAlert"
    },
    "commonLabels": {
        "alertname": "ExampleAlert",
        "severity": "critical"
    },
    "commonAnnotations": {
        "description": "Example alert is firing.",
        "link": "http://example.com"
    },
    "externalURL": "http://alertmanager:9093",
    "version": "4",
    "groupKey": "{}:{alertname=\"ExampleAlert\"}"
}{
    "receiver": "web\\.hook",
    "status": "firing",
    "alerts": [
        {
            "status": "firing",
            "labels": {
                "alertname": "ExampleAlert",
                "severity": "critical"
            },
            "annotations": {
                "description": "Example alert is firing.",
                "link": "http://example.com"
            },
            "startsAt": "2022-06-01T03:45:11.355791953Z",
            "endsAt": "0001-01-01T00:00:00Z",
            "generatorURL": "http://prometheus:9090/graph?g0.expr=vector%2842%29&g0.tab=1"
        }
    ],
    "groupLabels": {
        "alertname": "ExampleAlert"
    },
    "commonLabels": {
        "alertname": "ExampleAlert",
        "severity": "critical"
    },
    "commonAnnotations": {
        "description": "Example alert is firing.",
        "link": "http://example.com"
    },
    "externalURL": "http://alertmanager:9093",
    "version": "4",
    "groupKey": "{}:{alertname=\"ExampleAlert\"}"
}